\BOOKMARK [0][-]{Doc-Start}{Abstract}{}% 1
\BOOKMARK [0][-]{chapter*.1}{Acknowledgements}{}% 2
\BOOKMARK [0][-]{chapter*.3}{List\040of\040figures}{}% 3
\BOOKMARK [0][-]{chapter.1}{Introduction}{}% 4
\BOOKMARK [1][-]{section.1.1}{The\040engram}{chapter.1}% 5
\BOOKMARK [2][-]{subsection.1.1.1}{A\040history\040of\040ideas}{section.1.1}% 6
\BOOKMARK [2][-]{subsection.1.1.2}{Observing\040the\040engram}{section.1.1}% 7
\BOOKMARK [2][-]{subsection.1.1.3}{Research\040showing\040necessity}{section.1.1}% 8
\BOOKMARK [2][-]{subsection.1.1.4}{Research\040showing\040sufficiency}{section.1.1}% 9
\BOOKMARK [2][-]{subsection.1.1.5}{Memory\040allocation}{section.1.1}% 10
\BOOKMARK [1][-]{section.1.2}{The\040amygdala}{chapter.1}% 11
\BOOKMARK [2][-]{subsection.1.2.1}{The\040Epicenter\040of\040conditioned\040emotional\040behaviour}{section.1.2}% 12
\BOOKMARK [2][-]{subsection.1.2.2}{The\040lateral\040amygdala}{section.1.2}% 13
\BOOKMARK [2][-]{subsection.1.2.3}{Subnuclei\040of\040the\040lateral\040amygdala}{section.1.2}% 14
\BOOKMARK [2][-]{subsection.1.2.4}{The\040basal\040amygdala}{section.1.2}% 15
\BOOKMARK [2][-]{subsection.1.2.5}{The\040central\040amygdala}{section.1.2}% 16
\BOOKMARK [2][-]{subsection.1.2.6}{Intercalated\040cell\040regions}{section.1.2}% 17
\BOOKMARK [1][-]{section.1.3}{Inhibitory\040Interneurons}{chapter.1}% 18
\BOOKMARK [2][-]{subsection.1.3.1}{Parvalbumin-containing\040Interneurons}{section.1.3}% 19
\BOOKMARK [2][-]{subsection.1.3.2}{Somatostatin-containing\040Interneurons}{section.1.3}% 20
\BOOKMARK [2][-]{subsection.1.3.3}{Cholecystokinin-containing\040interneurons}{section.1.3}% 21
\BOOKMARK [1][-]{section.1.4}{Modeling\040memory}{chapter.1}% 22
\BOOKMARK [2][-]{subsection.1.4.1}{Autoassociative\040neural\040networks}{section.1.4}% 23
\BOOKMARK [2][-]{subsection.1.4.2}{Sparse\040distributed\040memory}{section.1.4}% 24
\BOOKMARK [2][-]{subsection.1.4.3}{Modeling\040memory\040allocation\040in\040the\040lateral\040amygdala}{section.1.4}% 25
\BOOKMARK [0][-]{chapter*.6}{List\040of\040tables}{}% 26
\BOOKMARK [0][-]{chapter.2}{Introduction,\040with\040a\040citation}{}% 27
\BOOKMARK [1][-]{section.2.1}{Background}{chapter.2}% 28
\BOOKMARK [1][-]{section.2.2}{The\040middle\040bit}{chapter.2}% 29
\BOOKMARK [2][-]{subsection.2.2.1}{Subsection\040of\040the\040middle\040bit}{section.2.2}% 30
\BOOKMARK [1][-]{section.2.3}{Summary\040of\040chapters}{chapter.2}% 31
\BOOKMARK [0][-]{chapter.3}{Methods}{}% 32
\BOOKMARK [1][-]{section.3.1}{Mice}{chapter.3}% 33
\BOOKMARK [1][-]{section.3.2}{Auditory\040Fear\040Conditioning}{chapter.3}% 34
\BOOKMARK [1][-]{section.3.3}{Immunohistochemistry}{chapter.3}% 35
\BOOKMARK [1][-]{section.3.4}{AAV\040Vector}{chapter.3}% 36
\BOOKMARK [1][-]{section.3.5}{Surgery}{chapter.3}% 37
\BOOKMARK [1][-]{section.3.6}{catFISH}{chapter.3}% 38
\BOOKMARK [1][-]{section.3.7}{Stereological\040Counting}{chapter.3}% 39
\BOOKMARK [1][-]{section.3.8}{CNO}{chapter.3}% 40
\BOOKMARK [0][-]{chapter.4}{Hypothesis}{}% 41
\BOOKMARK [0][-]{chapter.5}{Literature\040review,\040with\040maths}{}% 42
\BOOKMARK [1][-]{section.5.1}{Introduction}{chapter.5}% 43
\BOOKMARK [1][-]{section.5.2}{The\040middle}{chapter.5}% 44
\BOOKMARK [1][-]{section.5.3}{Conclusion}{chapter.5}% 45
\BOOKMARK [0][-]{chapter.6}{First\040research\040study,\040with\040code}{}% 46
\BOOKMARK [1][-]{section.6.1}{Introduction}{chapter.6}% 47
\BOOKMARK [1][-]{section.6.2}{Method}{chapter.6}% 48
\BOOKMARK [2][-]{subsection.6.2.1}{Subsection\0401\040with\040example\040code\040block}{section.6.2}% 49
\BOOKMARK [2][-]{subsection.6.2.2}{Subsection\0402}{section.6.2}% 50
\BOOKMARK [1][-]{section.6.3}{Results}{chapter.6}% 51
\BOOKMARK [1][-]{section.6.4}{Discussion}{chapter.6}% 52
\BOOKMARK [1][-]{section.6.5}{Conclusion}{chapter.6}% 53
\BOOKMARK [0][-]{chapter.7}{Results}{}% 54
\BOOKMARK [1][-]{section.7.1}{Arc\040expression\040increases\040in\040the\040amygdala\040after\040fear\040conditioning}{chapter.7}% 55
\BOOKMARK [1][-]{section.7.2}{Memory\040retrieval\040activates\040a\040constant\040proportion\040of\040cells\040in\040the\040amygdala\040despite\040varying\040memory\040strength}{chapter.7}% 56
\BOOKMARK [1][-]{section.7.3}{Arc\040mRNA\040increases\040in\040a\040stable\040proportion\040of\040LA\040neurons\040during\040fear\040conditioning}{chapter.7}% 57
\BOOKMARK [1][-]{section.7.4}{Inhibition\040of\040PV+\040interneurons\040during\040conditioning\040increases\040the\040size\040of\040the\040lateral\040amygdala\040engram}{chapter.7}% 58
\BOOKMARK [0][-]{chapter.8}{Research\040containing\040a\040figure}{}% 59
\BOOKMARK [1][-]{section.8.1}{Introduction}{chapter.8}% 60
\BOOKMARK [1][-]{section.8.2}{Method}{chapter.8}% 61
\BOOKMARK [2][-]{subsection.8.2.1}{Subsection\0401}{section.8.2}% 62
\BOOKMARK [2][-]{subsection.8.2.2}{Subsection\0402}{section.8.2}% 63
\BOOKMARK [1][-]{section.8.3}{Results}{chapter.8}% 64
\BOOKMARK [1][-]{section.8.4}{Discussion}{chapter.8}% 65
\BOOKMARK [1][-]{section.8.5}{Conclusion}{chapter.8}% 66
\BOOKMARK [0][-]{chapter.9}{Discussion}{}% 67
\BOOKMARK [1][-]{section.9.1}{Summary\040of\040Findings}{chapter.9}% 68
\BOOKMARK [1][-]{section.9.2}{The\040use\040of\040IEGs\040to\040identify\040the\040engram}{chapter.9}% 69
\BOOKMARK [1][-]{section.9.3}{Arc\040expression\040increases\040during\040training\040and\040testing}{chapter.9}% 70
\BOOKMARK [1][-]{section.9.4}{Stereological\040counting\040to\040measure\040the\040engram}{chapter.9}% 71
\BOOKMARK [1][-]{section.9.5}{Memory\040retrieval\040activates\040a\040constant\040proportion\040of\040cells\040in\040the\040amygdala\040despite\040varying\040memory\040strength}{chapter.9}% 72
\BOOKMARK [1][-]{section.9.6}{mRNA\040as\040a\040time\040sensitive\040marker\040of\040neuronal\040activity}{chapter.9}% 73
\BOOKMARK [1][-]{section.9.7}{Arc\040mRNA\040reveals\040sparse\040activation\040of\040LA\040neurons\040during\040fear\040memory\040retrieval}{chapter.9}% 74
\BOOKMARK [1][-]{section.9.8}{DREADDS\040to\040manipulate\040cellular\040excitability}{chapter.9}% 75
\BOOKMARK [1][-]{section.9.9}{Inhibition\040of\040PV+\040interneurons\040increases\040the\040size\040of\040the\040LA\040engram}{chapter.9}% 76
\BOOKMARK [1][-]{section.9.10}{Subnuclear\040location\040of\040PV+\040inhibition-related\040engram\040increase}{chapter.9}% 77
\BOOKMARK [0][-]{chapter.10}{Research\040containing\040a\040table}{}% 78
\BOOKMARK [1][-]{section.10.1}{Introduction}{chapter.10}% 79
\BOOKMARK [1][-]{section.10.2}{Method}{chapter.10}% 80
\BOOKMARK [2][-]{subsection.10.2.1}{Subsection\0401}{section.10.2}% 81
\BOOKMARK [2][-]{subsection.10.2.2}{Subsection\0402}{section.10.2}% 82
\BOOKMARK [1][-]{section.10.3}{Results}{chapter.10}% 83
\BOOKMARK [1][-]{section.10.4}{Discussion}{chapter.10}% 84
\BOOKMARK [1][-]{section.10.5}{Conclusion}{chapter.10}% 85
\BOOKMARK [0][-]{chapter.11}{Conclusion}{}% 86
\BOOKMARK [1][-]{section.11.1}{Future\040directions}{chapter.11}% 87
\BOOKMARK [1][-]{section.11.2}{Conclusion}{chapter.11}% 88
\BOOKMARK [0][-]{chapter.12}{Final\040research\040study}{}% 89
\BOOKMARK [1][-]{section.12.1}{Introduction}{chapter.12}% 90
\BOOKMARK [1][-]{section.12.2}{Method}{chapter.12}% 91
\BOOKMARK [2][-]{subsection.12.2.1}{Subsection\0401}{section.12.2}% 92
\BOOKMARK [2][-]{subsection.12.2.2}{Subsection\0402}{section.12.2}% 93
\BOOKMARK [1][-]{section.12.3}{Results}{chapter.12}% 94
\BOOKMARK [1][-]{section.12.4}{Discussion}{chapter.12}% 95
\BOOKMARK [1][-]{section.12.5}{Conclusion}{chapter.12}% 96
\BOOKMARK [0][-]{chapter.13}{References}{}% 97
\BOOKMARK [0][-]{chapter.14}{Conclusion}{}% 98
\BOOKMARK [1][-]{section.14.1}{Thesis\040summary}{chapter.14}% 99
\BOOKMARK [1][-]{section.14.2}{Future\040work}{chapter.14}% 100
\BOOKMARK [0][-]{chapter*.13}{Appendix\0401:\040Some\040extra\040stuff}{}% 101
\BOOKMARK [0][-]{chapter*.14}{Appendix\0402:\040Some\040more\040extra\040stuff}{}% 102
\BOOKMARK [0][-]{chapter*.15}{References}{}% 103
