\BOOKMARK [0][-]{Doc-Start}{Abstract}{}% 1
\BOOKMARK [0][-]{chapter*.1}{Acknowledgements}{}% 2
\BOOKMARK [0][-]{chapter*.3}{List\040of\040figures}{}% 3
\BOOKMARK [0][-]{chapter.1}{Introduction}{}% 4
\BOOKMARK [1][-]{section.1.1}{The\040engram}{chapter.1}% 5
\BOOKMARK [2][-]{subsection.1.1.1}{A\040history\040of\040ideas}{section.1.1}% 6
\BOOKMARK [2][-]{subsection.1.1.2}{Observing\040the\040engram}{section.1.1}% 7
\BOOKMARK [2][-]{subsection.1.1.3}{Research\040showing\040necessity}{section.1.1}% 8
\BOOKMARK [2][-]{subsection.1.1.4}{Research\040showing\040sufficiency}{section.1.1}% 9
\BOOKMARK [2][-]{subsection.1.1.5}{Memory\040allocation}{section.1.1}% 10
\BOOKMARK [1][-]{section.1.2}{The\040amygdala}{chapter.1}% 11
\BOOKMARK [2][-]{subsection.1.2.1}{The\040Epicenter\040of\040conditioned\040emotional\040behaviour}{section.1.2}% 12
\BOOKMARK [2][-]{subsection.1.2.2}{The\040lateral\040amygdala}{section.1.2}% 13
\BOOKMARK [2][-]{subsection.1.2.3}{Subnuclei\040of\040the\040lateral\040amygdala}{section.1.2}% 14
\BOOKMARK [2][-]{subsection.1.2.4}{The\040basal\040amygdala}{section.1.2}% 15
\BOOKMARK [2][-]{subsection.1.2.5}{The\040central\040amygdala}{section.1.2}% 16
\BOOKMARK [2][-]{subsection.1.2.6}{Intercalated\040cell\040regions}{section.1.2}% 17
\BOOKMARK [1][-]{section.1.3}{Inhibitory\040Interneurons}{chapter.1}% 18
\BOOKMARK [2][-]{subsection.1.3.1}{Parvalbumin-containing\040Interneurons}{section.1.3}% 19
\BOOKMARK [2][-]{subsection.1.3.2}{Somatostatin-containing\040Interneurons}{section.1.3}% 20
\BOOKMARK [2][-]{subsection.1.3.3}{Cholecystokinin-containing\040interneurons}{section.1.3}% 21
\BOOKMARK [1][-]{section.1.4}{Modeling\040memory}{chapter.1}% 22
\BOOKMARK [2][-]{subsection.1.4.1}{Autoassociative\040neural\040networks}{section.1.4}% 23
\BOOKMARK [2][-]{subsection.1.4.2}{Sparse\040distributed\040memory}{section.1.4}% 24
\BOOKMARK [2][-]{subsection.1.4.3}{Modeling\040memory\040allocation\040in\040the\040lateral\040amygdala}{section.1.4}% 25
\BOOKMARK [0][-]{chapter*.6}{List\040of\040tables}{}% 26
\BOOKMARK [0][-]{chapter.2}{Introduction,\040with\040a\040citation}{}% 27
\BOOKMARK [1][-]{section.2.1}{Background}{chapter.2}% 28
\BOOKMARK [1][-]{section.2.2}{The\040middle\040bit}{chapter.2}% 29
\BOOKMARK [2][-]{subsection.2.2.1}{Subsection\040of\040the\040middle\040bit}{section.2.2}% 30
\BOOKMARK [1][-]{section.2.3}{Summary\040of\040chapters}{chapter.2}% 31
\BOOKMARK [0][-]{chapter.3}{Methods}{}% 32
\BOOKMARK [1][-]{section.3.1}{Mice}{chapter.3}% 33
\BOOKMARK [1][-]{section.3.2}{Auditory\040Fear\040Conditioning}{chapter.3}% 34
\BOOKMARK [1][-]{section.3.3}{Immunohistochemistry}{chapter.3}% 35
\BOOKMARK [1][-]{section.3.4}{AAV\040Vector}{chapter.3}% 36
